<?xml version="1.0" encoding="UTF-8"?>
<testng-results ignored="0" total="1" passed="1" failed="0" skipped="0">
  <reporter-output>
  </reporter-output>
  <suite started-at="2025-06-17T22:02:47 IST" name="Default suite" finished-at="2025-06-17T22:02:57 IST" duration-ms="10199">
    <groups>
    </groups>
    <test started-at="2025-06-17T22:02:47 IST" name="Default test" finished-at="2025-06-17T22:02:57 IST" duration-ms="10199">
      <class name="tests.LoginTest">
        <test-method is-config="true" signature="setUp()[pri:0, instance:tests.LoginTest@3c41ed1d]" started-at="2025-06-17T22:02:47 IST" name="setUp" finished-at="2025-06-17T22:02:51 IST" duration-ms="3933" status="PASS">
          <reporter-output>
          </reporter-output>
        </test-method> <!-- setUp -->
        <test-method signature="testValidLogin()[pri:0, instance:tests.LoginTest@3c41ed1d]" started-at="2025-06-17T22:02:51 IST" name="testValidLogin" finished-at="2025-06-17T22:02:56 IST" duration-ms="4804" status="PASS">
          <reporter-output>
          </reporter-output>
        </test-method> <!-- testValidLogin -->
        <test-method is-config="true" signature="teardown()[pri:0, instance:tests.LoginTest@3c41ed1d]" started-at="2025-06-17T22:02:56 IST" name="teardown" finished-at="2025-06-17T22:02:57 IST" duration-ms="1398" status="PASS">
          <reporter-output>
          </reporter-output>
        </test-method> <!-- teardown -->
      </class> <!-- tests.LoginTest -->
    </test> <!-- Default test -->
  </suite> <!-- Default suite -->
</testng-results>
