<?xml version="1.0" encoding="UTF-8"?>
<testng-results ignored="0" total="1" passed="1" failed="0" skipped="0">
  <reporter-output>
  </reporter-output>
  <suite started-at="2025-06-13T18:54:39 IST" name="Default suite" finished-at="2025-06-13T18:54:48 IST" duration-ms="9422">
    <groups>
    </groups>
    <test started-at="2025-06-13T18:54:39 IST" name="Default test" finished-at="2025-06-13T18:54:48 IST" duration-ms="9422">
      <class name="tests.LoginTest">
        <test-method is-config="true" signature="setUp()[pri:0, instance:tests.LoginTest@3c46e67a]" started-at="2025-06-13T18:54:39 IST" name="setUp" finished-at="2025-06-13T18:54:42 IST" duration-ms="3281" status="PASS">
          <reporter-output>
          </reporter-output>
        </test-method> <!-- setUp -->
        <test-method signature="testValidLogin()[pri:0, instance:tests.LoginTest@3c46e67a]" started-at="2025-06-13T18:54:42 IST" name="testValidLogin" finished-at="2025-06-13T18:54:47 IST" duration-ms="4696" status="PASS">
          <reporter-output>
          </reporter-output>
        </test-method> <!-- testValidLogin -->
        <test-method is-config="true" signature="teardown()[pri:0, instance:tests.LoginTest@3c46e67a]" started-at="2025-06-13T18:54:47 IST" name="teardown" finished-at="2025-06-13T18:54:48 IST" duration-ms="1386" status="PASS">
          <reporter-output>
          </reporter-output>
        </test-method> <!-- teardown -->
      </class> <!-- tests.LoginTest -->
    </test> <!-- Default test -->
  </suite> <!-- Default suite -->
</testng-results>
